0:100  0:100  MemLog inited, TSC freq: 2819687270
0:100  0:000  CPU was calibrated with RTC
0:100  0:000  
0:100  0:000  Now is 19.10.2018,  7:49:43 (GMT)
0:100  0:000  Starting Clover revision: 4644 on American Megatrends EFI
0:100  0:000  Build with: [Args: -D NO_GRUB_DRIVERS_EMBEDDED -t XCODE8 | -D NO_GRUB_DRIVERS_EMBEDDED -D USE_LOW_EBDA -a X64 -b RELEASE -t XCODE8 -n 5 | OS: 10.13.6 | XCODE: 9.4.1]
0:100  0:000  SelfDevicePath=PciRoot(0x0)\Pci(0x1D,0x0)\Pci(0x0,0x0)\NVMe(0x1,89-CA-B0-81-53-38-25-00)\HD(1,GPT,75F1C04B-0693-4B00-A9DA-A2F2281B2BA4,0x800,0x72800) @75C11918
0:100  0:000  SelfDirPath = \EFI\Boot
0:100  0:000  === [ Get Smbios ] ========================================
0:112  0:011  Type 16 Index = 0
0:112  0:000  Total Memory Slots Count = 2
0:112  0:000  Type 17 Index = 0
0:112  0:000  SmbiosTable.Type17->Speed = 2400MHz
0:112  0:000  SmbiosTable.Type17->Size = 8192MB
0:112  0:000  SmbiosTable.Type17->Bank/Device = BANK 0 ChannelA-DIMM0
0:112  0:000  SmbiosTable.Type17->Vendor = Micron
0:112  0:000  SmbiosTable.Type17->SerialNumber = 1B107ACF
0:112  0:000  SmbiosTable.Type17->PartNumber = 8ATF1G64HZ-2G3E1    
0:112  0:000  Type 17 Index = 1
0:112  0:000  SmbiosTable.Type17->Speed = 2400MHz
0:112  0:000  SmbiosTable.Type17->Size = 8192MB
0:112  0:000  SmbiosTable.Type17->Bank/Device = BANK 2 ChannelB-DIMM0
0:112  0:000  SmbiosTable.Type17->Vendor = Samsung
0:112  0:000  SmbiosTable.Type17->SerialNumber = 3887EE2C
0:112  0:000  SmbiosTable.Type17->PartNumber = M471A1K43CB1-CRC    
0:112  0:000  Boot status=0
0:112  0:000  Running on: 'CN95L001' with board 'CN95L001'
0:112  0:000  === [ GetCPUProperties ] ==================================
0:112  0:000  CPU Vendor = 756E6547 Model=906EA
0:112  0:000   The CPU supported SSE4.1
0:112  0:000  BrandString = Intel(R) Core(TM) i5-8400 CPU @ 2.80GHz
0:112  0:000   The CPU supported turbo
0:112  0:000  MSR 0x35               60006
0:112  0:000   TSC/CCC Information Leaf:
0:112  0:000    numerator     : 234
0:112  0:000    denominator   : 2
0:112  0:000   Calibrated ARTFrequency: 24099891
0:112  0:000  MSR 0xE2 before patch 5E008008
0:112  0:000  MSR 0xE2 is locked, PM patches will be turned on
0:112  0:000  MSR 0xCE              00080838_F1011C00
0:112  0:000  corrected FLEX_RATIO = 0
0:112  0:000  MSR 0x1B0             00000000
0:112  0:000  FSBFrequency = 136 MHz, DMI FSBFrequency = 100 MHz, Corrected FSBFrequency = 100 MHz
0:112  0:000  MaxDiv/MinDiv: 28.0/8
0:112  0:000  Turbo: 39/39/39/40
0:112  0:000  Features: 0xBFEBFBFF
0:112  0:000  Threads: 6
0:112  0:000  Cores: 6
0:112  0:000  FSB: 100 MHz
0:112  0:000  CPU: 3800 MHz
0:112  0:000  TSC: 3800 MHz
0:112  0:000  PIS: 100 MHz
0:112  0:000  ExternalClock: 25 MHz
0:112  0:000  === [ GetDevices ] ========================================
0:112  0:000  PCI (00|00:00.00) : 8086 3EC2 class=060000
0:112  0:000  PCI (00|00:01.00) : 8086 1901 class=060400
0:112  0:000  PCI (00|01:00.00) : 10DE 1C20 class=030000
0:112  0:000   - GFX: Model=Clevo GeForce GTX 1060 family 136 (Nvidia)
0:112  0:000  PCI (00|01:00.01) : FFFF FFFF class=FFFFFF
0:112  0:000  PCI (00|00:02.00) : 8086 3E92 class=030000
0:112  0:000   - GFX: Model=Intel UHD Graphics 630 (Intel)
0:112  0:000  PCI (00|00:14.00) : 8086 A2AF class=0C0330
0:112  0:000  PCI (00|00:14.02) : 8086 A2B1 class=118000
0:112  0:000  PCI (00|00:16.00) : 8086 A2BA class=078000
0:112  0:000  PCI (00|00:17.00) : 8086 A282 class=010601
0:112  0:000  PCI (00|00:1B.00) : 8086 A2E7 class=060400
0:112  0:000  PCI (00|02:00.00) : 144D A804 class=010802
0:112  0:000  PCI (00|00:1C.00) : 8086 A290 class=060400
0:112  0:000  PCI (00|00:1C.01) : 8086 A291 class=060400
0:112  0:000  PCI (00|04:00.00) : 8086 24FB class=028000
0:112  0:000   - WIFI: Vendor=Intel
0:112  0:000  PCI (00|00:1C.02) : 8086 A292 class=060400
0:112  0:000  PCI (00|05:00.00) : 10EC 5287 class=FF0000
0:112  0:000  PCI (00|05:00.01) : 10EC 8168 class=020000
0:112  0:000   - LAN: 0 Vendor=Realtek
0:112  0:000  PCI (00|00:1D.00) : 8086 A298 class=060400
0:112  0:000  PCI (00|06:00.00) : 144D A804 class=010802
0:112  0:000  PCI (00|00:1F.00) : 8086 A2C9 class=060100
0:113  0:000  PCI (00|00:1F.02) : 8086 A2A1 class=058000
0:113  0:000  PCI (00|00:1F.03) : 8086 A2F0 class=040300
0:113  0:000  PCI (00|00:1F.04) : 8086 A2A3 class=0C0500
0:113  0:000  === [ GetDefaultSettings ] ================================
0:113  0:000  Clover load options size = 0 bytes
0:242  0:129  EFI\CLOVER\config.plist loaded: Success
0:266  0:024  === [ GetListOfThemes ] ===================================
0:266  0:000  - [00]: metal
0:267  0:000  - [01]: random
0:267  0:000  - [01]: bootcamp
0:268  0:000  - [02]: embedded
0:269  0:000  === [ Found config plists ] ===============================
0:269  0:000  - config.plist
0:269  0:000  === [ GetEarlyUserSettings ] ==============================
0:269  0:000  timeout set to 3
0:269  0:000  Custom boot CUSTOM_BOOT_DISABLED (0x0)
0:269  0:000  KextsToPatch: 40 requested
0:269  0:000   - [00]: AirPortBrcm4360 (NoLabel) :: BinPatch :: data len: 6
0:269  0:000   - [01]: AirPortBrcm4360 (NoLabel) :: PlistPatch :: data len: 29
0:269  0:000   - [02]: AirPortBrcm4360 (NoLabel) :: BinPatch :: data len: 5
0:269  0:000   - [03]: AirPortBrcm4360 (NoLabel) :: BinPatch :: data len: 6
0:269  0:000   - [04]: AirPortBrcm4360 (NoLabel) :: BinPatch :: data len: 8
0:269  0:000   - [05]: AirPortBrcm4360 (NoLabel) :: BinPatch :: data len: 8
0:269  0:000   - [06]: AppleIntelFramebufferAzul (NoLabel) :: BinPatch :: data len: 7
0:269  0:000   - patch disabled at config
0:269  0:000   - [07]: AppleUSBXHCIPCI (change 15 port limit to 26 in XHCI kext (200-series)) :: MatchOS: 10.12.x :: BinPatch :: data len: 7
0:269  0:000   - [08]: IOAHCIBlockStorage (Enable TRIM for SSD) :: BinPatch :: data len: 11
0:269  0:000   - [09]: IONVMeFamily (IONVMeFamily Pike R. Alpha Patch#1) :: BinPatch :: data len: 10
0:269  0:000   - [10]: IONVMeFamily (IONVMeFamily Pike R. Alpha Patch#2) :: BinPatch :: data len: 16
0:269  0:000   - [11]: IONVMeFamily (IONVMeFamily Pike R. Alpha Patch#3) :: BinPatch :: data len: 16
0:269  0:000   - [12]: IONVMeFamily (IONVMeFamily Pike R. Alpha Patch#4) :: BinPatch :: data len: 16
0:269  0:000   - [13]: IONVMeFamily (IONVMeFamily Pike R. Alpha Patch#5) :: BinPatch :: data len: 16
0:269  0:000   - [14]: IONVMeFamily (IONVMeFamily Pike R. Alpha Patch#6_7) :: BinPatch :: data len: 20
0:269  0:000   - [15]: IONVMeFamily (IONVMeFamily Pike R. Alpha Patch#8) :: BinPatch :: data len: 16
0:269  0:000   - [16]: IONVMeFamily (IONVMeFamily Pike R. Alpha Patch#9_10) :: BinPatch :: data len: 44
0:269  0:000   - [17]: IONVMeFamily (IONVMeFamily Pike R. Alpha Patch#11) :: BinPatch :: data len: 16
0:269  0:000   - [18]: IONVMeFamily (IONVMeFamily Pike R. Alpha Patch#12) :: BinPatch :: data len: 16
0:269  0:000   - [19]: IONVMeFamily (IONVMeFamily Pike R. Alpha Patch#13) :: BinPatch :: data len: 16
0:269  0:000   - [20]: IONVMeFamily (IONVMeFamily Pike R. Alpha Patch#14) :: BinPatch :: data len: 16
0:269  0:000   - [21]: IONVMeFamily (IONVMeFamily Pike R. Alpha Patch#15) :: BinPatch :: data len: 16
0:269  0:000   - [22]: IONVMeFamily (IONVMeFamily Pike R. Alpha Patch#16) :: BinPatch :: data len: 16
0:269  0:000   - [23]: IONVMeFamily (IONVMeFamily Pike R. Alpha Patch#17) :: BinPatch :: data len: 16
0:269  0:000   - [24]: IONVMeFamily (NoLabel) :: BinPatch :: data len: 12
0:269  0:000   - [25]: AppleIntelSKLGraphicsFramebuffer (NoLabel) :: BinPatch :: data len: 4
0:269  0:000   - [26]: AppleIntelKBLGraphicsFramebuffer (NoLabel) :: BinPatch :: data len: 4
0:269  0:000   - [27]: AppleUSBXHCIPCI (10.13.x) :: BinPatch :: data len: 4
0:269  0:000   - [28]: AppleUSBXHCIPCI (10.11.x) :: BinPatch :: data len: 7
0:269  0:000   - [29]: AppleIntelSKLGraphicsFramebuffer (NoLabel) :: BinPatch :: data len: 7
0:269  0:000   - [30]: com.apple.driver.AppleIntelSKLGraphicsFramebuffer (NoLabel) :: BinPatch :: data len: 6
0:269  0:000   - [31]: AppleUSBXHCI (NoLabel) :: BinPatch :: data len: 10
0:269  0:000   - [32]: AppleGraphicsDevicePolicy (NoLabel) :: BinPatch :: data len: 8
0:269  0:000   - patch disabled at config
0:269  0:000   - [33]: AppleAHCIPort (NoLabel) :: BinPatch :: data len: 20
0:269  0:000   - patch disabled at config
0:269  0:000   - [34]: AppleAHCIPort (NoLabel) :: BinPatch :: data len: 26
0:269  0:000   - patch disabled at config
0:269  0:000   - [35]: IONVMeFamily (10.13.4) :: BinPatch :: data len: 9
0:269  0:000   - patch disabled at config
0:269  0:000   - [36]: IONVMeFamily (10.13.x) :: BinPatch :: data len: 9
0:269  0:000   - patch disabled at config
0:269  0:000   - [37]: AppleUSBXHCI (NoLabel) :: BinPatch :: data len: 10
0:269  0:000   - [38]: AppleUSBXHCI (10.13.6) :: BinPatch :: data len: 10
0:269  0:000   - [39]: com.apple.driver.usb.AppleUSBXHCI (disable port limit in XHCI kext (credit PMHeart)) :: MatchOS: 10.14.x :: BinPatch :: data len: 9
0:269  0:000  KernelToPatch: 2 requested
0:269  0:000   - [00]: Disable panic kext logging on 10.13 debug kernel (credit Vandroiy) :: MatchOS: 10.13.x :: data len: 6
0:269  0:000   - [01]: Disable panic kext logging on 10.13 release kernel (credit Vandroiy) :: MatchOS: 10.13.x :: data len: 6
0:269  0:000  Default theme: bootcamp
0:269  0:000  Hiding entries with string Preboot
0:269  0:000  === [ LoadDrivers ] =======================================
0:270  0:000  Loading FirmwareVolume-64.efi  status=Success
0:272  0:002  Loading AppleKeyAggregator-64.efi  status=Success
0:275  0:002  Loading AptioMemoryFix-64.efi  status=Success
0:278  0:003  Loading AppleUiSupport.efi  status=Success
0:282  0:003  Loading HashServiceFix-64.efi  status=Success
0:285  0:002  Loading NvmExpressDxe-64.efi  status=Success
0:287  0:002   - driver needs connecting
0:287  0:000  Loading ApfsDriverLoader.efi  status=Success
0:290  0:002   - driver needs connecting
0:290  0:000  Loading VBoxExt4-64.efi  status=Success
0:292  0:002   - driver needs connecting
0:292  0:000  Loading PartitionDxe-64.efi  status=Success
0:295  0:002   - driver needs connecting
0:295  0:000  Loading FSInject-64.efi  status=Success
0:308  0:012  Loading EnglishDxe-64.efi  status=Success
0:310  0:002  Loading VBoxHfs-64.efi  status=Success
0:313  0:002   - driver needs connecting
0:313  0:000  Loading AppleImageLoader.efi  status=Success
0:315  0:002  Loading VBoxExt2-64.efi  status=Success
0:318  0:002   - driver needs connecting
0:318  0:000  Loading EmuVariableUefi-64.efi  status=Success
0:321  0:002  EmuVariableUefi Initialize: VariableCommonInitialize = Success, orig services stored, install gEmuVariableControlProtocolGuid = Success
0:321  0:000  Loading Fat-64.efi  status=Success
0:324  0:002   - driver needs connecting
0:324  0:000  Loading DataHubDxe-64.efi  status=Success
0:327  0:003  Loading SMCHelper-64.efi  status=Success
0:330  0:002  Loading OsxFatBinaryDrv-64.efi  status=Success
0:332  0:002  7 drivers needs connecting ...
0:332  0:000  PlatformDriverOverrideProtocol not found. Installing ... Success
0:332  0:000  Partition driver loaded: 
0:332  0:000  APFS driver loaded
0:332  0:000  Searching for invalid DiskIo BY_DRIVER connects: not found, all ok
0:972  0:639  EmuVariable InstallEmulation: orig vars copied, emu.var.services installed, CreateEvent VirtualAddressChange = Success, CreateEvent ExitBootServices = Success, set Status=Success
1:045  0:073  === [ InitScreen ] ========================================
1:045  0:000  SetScreenResolution: 1920x1080 - already set
1:045  0:000  Console modes reported: 4, available modes:
1:045  0:000   - [01]: 80x25 (current mode)
1:045  0:000   - [02]: 80x25
1:045  0:000   - [03]: 100x31
1:045  0:000   - [04]: 240x56
1:045  0:000  reinit: self device path=PciRoot(0x0)\Pci(0x1D,0x0)\Pci(0x0,0x0)\NVMe(0x1,89-CA-B0-81-53-38-25-00)\HD(1,GPT,75F1C04B-0693-4B00-A9DA-A2F2281B2BA4,0x800,0x72800)
1:045  0:000  === [ GetMacAddress ] =====================================
1:045  0:000  MAC address of LAN #0= 80:FA:5B:56:E9:84:
1:045  0:000  === [ ScanSPD ] ===========================================
1:046  0:000  SMBus device : 8086 A2A3 class=0C0500 status=Success
1:046  0:000  SMBus CmdReg: 0x3
1:046  0:000  Scanning SMBus [8086:A2A3], mmio: 0xDF52A004, ioport: 0xF040, hostc: 0x11
1:046  0:000  Slots to scan [8]...
1:046  0:000  SPD[0]: Type 12 @0x50
1:073  0:027  DDR speed 2400MHz
1:073  0:000  Slot: 0 Type 26 8192MB 2400MHz Vendor=Micron Technology PartNo=8ATF1G64HZ-2G3E1 SerialNo=010B0100070A0C0F
1:074  0:000  SPD[2]: Type 12 @0x52
1:092  0:017  DDR speed 2400MHz
1:092  0:000  Slot: 2 Type 26 8192MB 2400MHz Vendor=Samsung PartNo=M471A1K43CB1-CRC SerialNo=030808070E0E020C
1:093  0:000  === [ GetAcpiTablesList ] =================================
1:119  0:026  Get Acpi Tables List from RSDT:
1:119  0:000   - [00]: FACP  A M I len=132
1:119  0:000   - [01]: APIC  A M I len=160
1:119  0:000   - [02]: FPDT  A M I len=68
1:119  0:000   - [03]: FIDT  A M I len=156
1:119  0:000   - [04]: MCFG  A M I len=60
1:119  0:000   - [05]: SSDT  A M I len=931
1:119  0:000   - [06]: MSDM  A M I len=85
1:119  0:000   - [07]: SSDT  A M I len=12877
1:119  0:000   - [08]: SSDT  A M I len=10762
1:119  0:000   - [09]: HPET  A M I len=56
1:119  0:000   - [10]: UEFI  A M I len=66
1:119  0:000   - [11]: SSDT  A M I len=6062
1:119  0:000   - [12]: SSDT  A M I len=5727
1:119  0:000   - [13]: DBGP  A M I len=52
1:119  0:000   - [14]: DBG2  A M I len=84
1:119  0:000   - [15]: SSDT  A M I len=174
1:119  0:000   - [16]: DMAR  A M I len=168
1:119  0:000   - [17]: BGRT  A M I len=56
1:119  0:000   - [18]: TPM2  A M I len=52
1:119  0:000   - [19]: SSDT  A M I len=8116
1:119  0:000   - [20]: ASF!  A M I len=160
1:119  0:000   - [21]: WSMT  A M I len=40
1:119  0:000  Calibrated TSC Frequency = 2819687270 = 2819MHz
1:119  0:000  === [ GetUserSettings ] ===================================
1:119  0:000  USB FixOwnership: yes
1:119  0:000  Dropping 3 tables:
1:119  0:000   - [00]: Drop table  signature="SSDT" (54445353) table-id="Cpu0Ist" (0074734930757043)
1:119  0:000           - set table: 54445353,   74734930757043 to drop: no
1:119  0:000   - [01]: Drop table  signature="SSDT" (54445353) table-id="CpuPm" (0000006D50757043)
1:119  0:000           - set table: 54445353,       6D50757043 to drop: no
1:119  0:000   - [02]: Drop table  signature="DMAR" (52414D44)
1:119  0:000           - set table: 52414D44,                0 to drop: yes
1:119  0:000   - final DSDT Fix mask=00000005
1:119  0:000  PatchesDSDT: 10 requested
1:119  0:000   - [00]: (Rename ALZA to HDEF X99) lenToFind: 4, lenToReplace: 4, Target Bridge: <null string>
1:119  0:000   - [01]: (Rename HDAS to HDEF Z170) lenToFind: 4, lenToReplace: 4, Target Bridge: <null string>
1:119  0:000   - [02]: (Rename EHC1 to HDEF EH01) lenToFind: 4, lenToReplace: 4, Target Bridge: <null string>
1:119  0:000   - [03]: (Rename EHC2 to HDEF EH02) lenToFind: 4, lenToReplace: 4, Target Bridge: <null string>
1:119  0:000   - [04]: (Rename XHC1 to HDEF XHC) lenToFind: 4, lenToReplace: 3, Target Bridge: <null string>
1:119  0:000    patch disabled at config
1:119  0:000   - [05]: (Rename EUSB to HDEF EH01) lenToFind: 4, lenToReplace: 4, Target Bridge: <null string>
1:119  0:000    patch disabled at config
1:119  0:000   - [06]: (Rename USBE to HDEF EH02) lenToFind: 4, lenToReplace: 4, Target Bridge: <null string>
1:119  0:000    patch disabled at config
1:119  0:000   - [07]: (change _DSM to XDSM) lenToFind: 4, lenToReplace: 4, Target Bridge: <null string>
1:119  0:000   - [08]: (change GFX0 to IGPU) lenToFind: 4, lenToReplace: 4, Target Bridge: <null string>
1:119  0:000   - [09]: (change PEGP to GFX0) lenToFind: 4, lenToReplace: 4, Target Bridge: <null string>
1:119  0:000  EnableC6: yes
1:119  0:000  Using ProductName from config: iMac18,1
1:119  0:000  Using latest BiosVersion from clover
1:119  0:000  BiosVersion: IM181.88Z.0161.B00.1806260901
1:119  0:000  BiosReleaseDate: 06/26/2018
1:119  0:000  Using FirmwareFeatures from config: 0xFC0FE137
1:119  0:000  Using FirmwareFeaturesMask from config: 0xFF1FFF3F
1:119  0:000  Board-ID set from config as Mac-4B682C642B45593E
1:119  0:000  BoardType: 0xA
1:119  0:000  ChassisType: 0x9
1:120  0:000  === [ Found DSDT tables ] =================================
3:865  2:745  === [ ScanVolumes ] =======================================
3:865  0:000  Found 17 volumes with blockIO
3:865  0:000  - [00]: Volume: PciRoot(0x0)\Pci(0x14,0x0)\USB(0x10,0x0)
3:866  0:000          USB volume
3:866  0:000  - [01]: Volume: PciRoot(0x0)\Pci(0x14,0x0)\USB(0x10,0x0)\HD(1,MBR,0x00000000,0x2,0x8A920)
3:866  0:000          Result of bootcode detection: bootable unknown (legacy)
3:866  0:000          USB volume
3:870  0:003  - [02]: Volume: PciRoot(0x0)\Pci(0x14,0x0)\USB(0x10,0x0)\HD(2,MBR,0x00000000,0x8A923,0xA136A9)
3:870  0:000          USB volume
3:870  0:000  - [03]: Volume: PciRoot(0x0)\Pci(0x17,0x0)\Sata(0x2,0xFFFF,0x0)
3:881  0:010  - [04]: Volume: PciRoot(0x0)\Pci(0x17,0x0)\Sata(0x2,0xFFFF,0x0)\HD(1,GPT,60161085-BDBE-47FD-B21C-13195DE0FF35,0x73000,0x3E801000)
3:882  0:001          Result of bootcode detection: bootable Windows (vista,win)
3:882  0:000  - [05]: Volume: PciRoot(0x0)\Pci(0x17,0x0)\Sata(0x2,0xFFFF,0x0)\HD(2,GPT,217FA8F2-F6B6-4542-8257-BB23CF590269,0x3E874000,0x35E92D8F)
3:883  0:001          Result of bootcode detection: bootable Windows (vista,win)
3:883  0:000  - [06]: Volume: PciRoot(0x0)\Pci(0x1B,0x0)\Pci(0x0,0x0)\NVMe(0x1,99-05-B1-71-5C-38-25-00)
3:883  0:000  - [07]: Volume: PciRoot(0x0)\Pci(0x1B,0x0)\Pci(0x0,0x0)\NVMe(0x1,99-05-B1-71-5C-38-25-00)\HD(1,GPT,CA8D7A88-CC92-40F8-834E-999BAA87617E,0x800,0x8000)
3:883  0:000  - [08]: Volume: PciRoot(0x0)\Pci(0x1B,0x0)\Pci(0x0,0x0)\NVMe(0x1,99-05-B1-71-5C-38-25-00)\HD(2,GPT,EAD0CB8D-585D-4F15-AF6B-EFC61D7A6729,0x8800,0x1D1BD000)
3:884  0:000          Result of bootcode detection: bootable Windows (vista,win)
3:884  0:000  - [09]: Volume: PciRoot(0x0)\Pci(0x1D,0x0)\Pci(0x0,0x0)\NVMe(0x1,89-CA-B0-81-53-38-25-00)
3:884  0:000  - [10]: Volume: PciRoot(0x0)\Pci(0x1D,0x0)\Pci(0x0,0x0)\NVMe(0x1,89-CA-B0-81-53-38-25-00)\HD(1,GPT,75F1C04B-0693-4B00-A9DA-A2F2281B2BA4,0x800,0x72800)
3:884  0:000          Result of bootcode detection: bootable Windows (win)
3:884  0:000          This is SelfVolume !!
3:884  0:000  - [11]: Volume: PciRoot(0x0)\Pci(0x1D,0x0)\Pci(0x0,0x0)\NVMe(0x1,89-CA-B0-81-53-38-25-00)\HD(2,GPT,25F8B58B-34F4-492E-9127-C86AE5608E38,0x73000,0x10B01800)
3:884  0:000          Result of bootcode detection: bootable unknown (legacy)
3:884  0:000  - [12]: Volume: PciRoot(0x0)\Pci(0x1D,0x0)\Pci(0x0,0x0)\NVMe(0x1,89-CA-B0-81-53-38-25-00)\HD(3,GPT,A3988A56-CC9C-4170-B6BC-BE35BA79EBFC,0x10B74800,0xC651000)
3:884  0:000          Result of bootcode detection: bootable Windows (vista,win)
3:884  0:000  - [13]: Volume: PciRoot(0x0)\Pci(0x1D,0x0)\Pci(0x0,0x0)\NVMe(0x1,89-CA-B0-81-53-38-25-00)\HD(2,GPT,25F8B58B-34F4-492E-9127-C86AE5608E38,0x73000,0x10B01800)\VenMedia(BE74FCF7-0B7C-49F3-9147-01F4042E6842,32ECACE95A67D649BAF5DB4DFC8BC41A)
3:884  0:000          hiding this volume
3:884  0:000  - [14]: Volume: PciRoot(0x0)\Pci(0x1D,0x0)\Pci(0x0,0x0)\NVMe(0x1,89-CA-B0-81-53-38-25-00)\HD(2,GPT,25F8B58B-34F4-492E-9127-C86AE5608E38,0x73000,0x10B01800)\VenMedia(BE74FCF7-0B7C-49F3-9147-01F4042E6842,F92228D7C4CE2B4DA0595E72A76A431E)
3:885  0:000  - [15]: Volume: PciRoot(0x0)\Pci(0x1D,0x0)\Pci(0x0,0x0)\NVMe(0x1,89-CA-B0-81-53-38-25-00)\HD(2,GPT,25F8B58B-34F4-492E-9127-C86AE5608E38,0x73000,0x10B01800)\VenMedia(BE74FCF7-0B7C-49F3-9147-01F4042E6842,F9BAE0583666FB4B8801626C35120F9A)
3:885  0:000  - [16]: Volume: PciRoot(0x0)\Pci(0x1D,0x0)\Pci(0x0,0x0)\NVMe(0x1,89-CA-B0-81-53-38-25-00)\HD(2,GPT,25F8B58B-34F4-492E-9127-C86AE5608E38,0x73000,0x10B01800)\VenMedia(BE74FCF7-0B7C-49F3-9147-01F4042E6842,9BFF3E0C6F9C2645BD4C5055C8923660)
3:888  0:003  PutNvramPlistToRtVars: nvram.plist not found
3:888  0:000  === [ InitTheme ] =========================================
3:893  0:005  Using theme 'bootcamp' (EFI\CLOVER\themes\bootcamp)
3:894  0:000  Warning! Character width 9 should be even!
3:894  0:000  Loading font from ThemeDir: Error
3:895  0:000  Chosen theme bootcamp
3:895  0:000  after NVRAM boot-args=dart=0  -lilubate -v nvda_drv=1 -alcbate slide=0 debug=0x100 rootless=0 kext-dev-mode=1 -disablegfxfirmware
3:895  0:000  === [ Dump SMC keys from NVRAM ] ==========================
3:895  0:000  found AppleSMC protocol
3:895  0:000  Registered 0 SMC keys
3:895  0:000  === [ ScanLoader ] ========================================
3:895  0:000  - [01]: 'ESP'
3:895  0:000          AddLoaderEntry for Volume Name=ESP
3:895  0:000          skipped because entry is hidden
3:895  0:000  - [02]: 'OSX.CX'
3:896  0:001          AddLoaderEntry for Volume Name=OSX.CX
3:902  0:005  - [04]: ''
3:902  0:000  - [05]: ''
3:902  0:000  - [08]: ''
3:902  0:000  - [10]: 'EFI'
3:903  0:001          AddLoaderEntry for Volume Name=EFI
3:905  0:001          AddLoaderEntry for Volume Name=EFI
3:905  0:000          skipped because entry is hidden
3:905  0:000  - [12]: ''
3:905  0:000  - [13]: 'Preboot', hidden
3:905  0:000  - [14]: 'Mac'
3:979  0:073          AddLoaderEntry for Volume Name=Mac
3:990  0:011      Check if volume Is Hibernated:
3:990  0:000      Check sleep image 'by signature':
4:016  0:026      read prefs \Library\Preferences\com.apple.PowerManagement.plist status=Success
4:016  0:000      using default sleep image name = \private\var\vm\sleepimage
4:024  0:008      sleepimage not found -> Not Found
4:024  0:000      hibernated: no - sign
4:042  0:017  - [15]: 'Recovery'
4:048  0:005          AddLoaderEntry for Volume Name=Recovery
4:057  0:009  - [16]: 'VM'
4:058  0:000  === [ AddCustomTool ] =====================================
4:058  0:000  found tool \EFI\CLOVER\tools\Shell64U.efi
4:058  0:000  Checking EFI partition Volume 10 for Clover
4:059  0:000   Found Clover
4:059  0:000  EmuVariable UninstallEmulation: CloseEvent = Success, original var services restored
4:060  0:001  EmuVariable InstallEmulation: orig vars copied, emu.var.services installed, CreateEvent VirtualAddressChange = Success, CreateEvent ExitBootServices = Success, set Status=Success
4:144  0:083  === [ GetEfiBootDeviceFromNvram ] =========================
4:144  0:000  Default boot entry not found
4:144  0:000  EmuVariable UninstallEmulation: CloseEvent = Success, original var services restored
4:144  0:000  DefaultIndex=-1 and MainMenu.EntryCount=10
4:891  0:747  GUI ready
